Student Profile Server running on port 3001
Create student error: TypeError: Do not know how to serialize a BigInt
    at JSON.stringify (<anonymous>)
    at stringify (/Users/salalalikhan/Documents/Projects/student-success-platform /node_modules/express/lib/response.js:1160:12)
    at ServerResponse.json (/Users/salalalikhan/Documents/Projects/student-success-platform /node_modules/express/lib/response.js:271:14)
    at /Users/salalalikhan/Documents/Projects/student-success-platform /backend/server.js:296:11
    at process.processTicksAndRejections (node:internal/process/task_queues:105:5)
Create student error: SqlError: (conn:315, no: 1062, SQLState: 23000) Duplicate entry 'salalalikhan@gmail.com' for key 'email'
sql: INSERT INTO students (name, email, year_grade, major_focus, short_term_goals, long_term_goals, interests, extracurricular) VALUES (?, ?, ?, ?, ?, ?, ?, ?) - parameters:['sak','salalalikhan@gmail.com',undefined,'AI',undefined,undefined,undefined,undefined]
    at module.exports.createError (/Users/salalalikhan/Documents/Projects/student-success-platform /node_modules/mariadb/lib/misc/errors.js:66:10)
    at PacketNodeEncoded.readError (/Users/salalalikhan/Documents/Projects/student-success-platform /node_modules/mariadb/lib/io/packet.js:588:19)
    at Query.handleErrorPacket (/Users/salalalikhan/Documents/Projects/student-success-platform /node_modules/mariadb/lib/cmd/parser.js:92:24)
    at Query.readResponsePacket (/Users/salalalikhan/Documents/Projects/student-success-platform /node_modules/mariadb/lib/cmd/parser.js:70:21)
    at PacketInputStream.receivePacketBasic (/Users/salalalikhan/Documents/Projects/student-success-platform /node_modules/mariadb/lib/io/packet-input-stream.js:85:9)
    at PacketInputStream.onData (/Users/salalalikhan/Documents/Projects/student-success-platform /node_modules/mariadb/lib/io/packet-input-stream.js:135:20)
    at Socket.emit (node:events:518:28)
    at addChunk (node:internal/streams/readable:561:12)
    at readableAddChunkPushByteMode (node:internal/streams/readable:512:3)
    at Readable.push (node:internal/streams/readable:392:5)
    at TCP.onStreamRead (node:internal/stream_base_commons:189:23) {
  sqlMessage: "Duplicate entry 'salalalikhan@gmail.com' for key 'email'",
  sql: "INSERT INTO students (name, email, year_grade, major_focus, short_term_goals, long_term_goals, interests, extracurricular) VALUES (?, ?, ?, ?, ?, ?, ?, ?) - parameters:['sak','salalalikhan@gmail.com',undefined,'AI',undefined,undefined,undefined,undefined]",
  fatal: false,
  errno: 1062,
  sqlState: '23000',
  code: 'ER_DUP_ENTRY'
}
Create student error: SqlError: (conn:312, no: 1062, SQLState: 23000) Duplicate entry 'salalalikhan@gmail.com' for key 'email'
sql: INSERT INTO students (name, email, year_grade, major_focus, short_term_goals, long_term_goals, interests, extracurricular) VALUES (?, ?, ?, ?, ?, ?, ?, ?) - parameters:['sak','salalalikhan@gmail.com',undefined,'AI',undefined,undefined,undefined,undefined]
    at module.exports.createError (/Users/salalalikhan/Documents/Projects/student-success-platform /node_modules/mariadb/lib/misc/errors.js:66:10)
    at PacketNodeEncoded.readError (/Users/salalalikhan/Documents/Projects/student-success-platform /node_modules/mariadb/lib/io/packet.js:588:19)
    at Query.handleErrorPacket (/Users/salalalikhan/Documents/Projects/student-success-platform /node_modules/mariadb/lib/cmd/parser.js:92:24)
    at Query.readResponsePacket (/Users/salalalikhan/Documents/Projects/student-success-platform /node_modules/mariadb/lib/cmd/parser.js:70:21)
    at PacketInputStream.receivePacketBasic (/Users/salalalikhan/Documents/Projects/student-success-platform /node_modules/mariadb/lib/io/packet-input-stream.js:85:9)
    at PacketInputStream.onData (/Users/salalalikhan/Documents/Projects/student-success-platform /node_modules/mariadb/lib/io/packet-input-stream.js:135:20)
    at Socket.emit (node:events:518:28)
    at addChunk (node:internal/streams/readable:561:12)
    at readableAddChunkPushByteMode (node:internal/streams/readable:512:3)
    at Readable.push (node:internal/streams/readable:392:5)
    at TCP.onStreamRead (node:internal/stream_base_commons:189:23) {
  sqlMessage: "Duplicate entry 'salalalikhan@gmail.com' for key 'email'",
  sql: "INSERT INTO students (name, email, year_grade, major_focus, short_term_goals, long_term_goals, interests, extracurricular) VALUES (?, ?, ?, ?, ?, ?, ?, ?) - parameters:['sak','salalalikhan@gmail.com',undefined,'AI',undefined,undefined,undefined,undefined]",
  fatal: false,
  errno: 1062,
  sqlState: '23000',
  code: 'ER_DUP_ENTRY'
}
